[1114/201508.661:ERROR:process_memory_win.cc(73)] ReadMemory at 0x3f0000 of 64 bytes failed: Seule une partie d’une requête ReadProcessMemory ou WriteProcessMemory a été effectuée. (0x12B)
[1114/201508.665:WARNING:pe_image_reader.cc(340)] could not read dos header from C:\Program Files (x86)\AVAST Software\Browser\Application\AvastBrowser.exe
[1114/201508.665:ERROR:process_memory_win.cc(73)] ReadMemory at 0x77810000 of 64 bytes failed: Seule une partie d’une requête ReadProcessMemory ou WriteProcessMemory a été effectuée. (0x12B)
[1114/201508.665:WARNING:pe_image_reader.cc(340)] could not read dos header from C:\WINDOWS\SYSTEM32\ntdll.dll
[1114/201508.665:ERROR:process_memory_win.cc(73)] ReadMemory at 0x77380000 of 64 bytes failed: Seule une partie d’une requête ReadProcessMemory ou WriteProcessMemory a été effectuée. (0x12B)
[1114/201508.666:WARNING:pe_image_reader.cc(340)] could not read dos header from C:\WINDOWS\System32\KERNEL32.DLL
[1114/201508.666:ERROR:process_memory_win.cc(73)] ReadMemory at 0x75850000 of 64 bytes failed: Seule une partie d’une requête ReadProcessMemory ou WriteProcessMemory a été effectuée. (0x12B)
[1114/201508.666:WARNING:pe_image_reader.cc(340)] could not read dos header from C:\WINDOWS\System32\KERNELBASE.dll
[1114/201508.666:ERROR:process_memory_win.cc(73)] ReadMemory at 0x712f0000 of 64 bytes failed: Seule une partie d’une requête ReadProcessMemory ou WriteProcessMemory a été effectuée. (0x12B)
[1114/201508.666:WARNING:pe_image_reader.cc(340)] could not read dos header from C:\Program Files (x86)\AVAST Software\Browser\Application\86.1.6738.112\chrome_elf.dll
[1114/201508.666:ERROR:process_memory_win.cc(73)] ReadMemory at 0x754d0000 of 64 bytes failed: Seule une partie d’une requête ReadProcessMemory ou WriteProcessMemory a été effectuée. (0x12B)
[1114/201508.666:WARNING:pe_image_reader.cc(340)] could not read dos header from C:\WINDOWS\SYSTEM32\VERSION.dll
[1114/201508.666:ERROR:process_memory_win.cc(73)] ReadMemory at 0x77470000 of 64 bytes failed: Seule une partie d’une requête ReadProcessMemory ou WriteProcessMemory a été effectuée. (0x12B)
[1114/201508.666:WARNING:pe_image_reader.cc(340)] could not read dos header from C:\WINDOWS\System32\msvcrt.dll
[1114/201508.666:ERROR:process_memory_win.cc(73)] ReadMemory at 0x76ec0000 of 64 bytes failed: Seule une partie d’une requête ReadProcessMemory ou WriteProcessMemory a été effectuée. (0x12B)
[1114/201508.666:WARNING:pe_image_reader.cc(340)] could not read dos header from C:\WINDOWS\System32\ADVAPI32.dll
[1114/201508.666:ERROR:process_memory_win.cc(73)] ReadMemory at 0x75e20000 of 64 bytes failed: Seule une partie d’une requête ReadProcessMemory ou WriteProcessMemory a été effectuée. (0x12B)
[1114/201508.666:WARNING:pe_image_reader.cc(340)] could not read dos header from C:\WINDOWS\System32\sechost.dll
[1114/201508.666:ERROR:process_memory_win.cc(73)] ReadMemory at 0x767d0000 of 64 bytes failed: Seule une partie d’une requête ReadProcessMemory ou WriteProcessMemory a été effectuée. (0x12B)
[1114/201508.666:WARNING:pe_image_reader.cc(340)] could not read dos header from C:\WINDOWS\System32\RPCRT4.dll
[1114/201508.666:ERROR:process_memory_win.cc(73)] ReadMemory at 0x5a400000 of 64 bytes failed: Seule une partie d’une requête ReadProcessMemory ou WriteProcessMemory a été effectuée. (0x12B)
[1114/201508.666:WARNING:pe_image_reader.cc(340)] could not read dos header from C:\Program Files (x86)\AVAST Software\Browser\Application\86.1.6738.112\chrome.dll
[1114/201508.666:ERROR:process_memory_win.cc(73)] ReadMemory at 0x77740000 of 64 bytes failed: Seule une partie d’une requête ReadProcessMemory ou WriteProcessMemory a été effectuée. (0x12B)
[1114/201508.666:WARNING:pe_image_reader.cc(340)] could not read dos header from C:\WINDOWS\System32\WS2_32.dll
[1114/201508.667:ERROR:process_memory_win.cc(73)] ReadMemory at 0x76960000 of 64 bytes failed: Seule une partie d’une requête ReadProcessMemory ou WriteProcessMemory a été effectuée. (0x12B)
[1114/201508.667:WARNING:pe_image_reader.cc(340)] could not read dos header from C:\WINDOWS\System32\OLEAUT32.dll
[1114/201508.667:ERROR:process_memory_win.cc(73)] ReadMemory at 0x75ea0000 of 64 bytes failed: Seule une partie d’une requête ReadProcessMemory ou WriteProcessMemory a été effectuée. (0x12B)
[1114/201508.667:WARNING:pe_image_reader.cc(340)] could not read dos header from C:\WINDOWS\System32\msvcp_win.dll
[1114/201508.667:ERROR:process_memory_win.cc(73)] ReadMemory at 0x76090000 of 64 bytes failed: Seule une partie d’une requête ReadProcessMemory ou WriteProcessMemory a été effectuée. (0x12B)
[1114/201508.667:WARNING:pe_image_reader.cc(340)] could not read dos header from C:\WINDOWS\System32\ucrtbase.dll
[1114/201508.667:ERROR:process_memory_win.cc(73)] ReadMemory at 0x770e0000 of 64 bytes failed: Seule une partie d’une requête ReadProcessMemory ou WriteProcessMemory a été effectuée. (0x12B)
[1114/201508.667:WARNING:pe_image_reader.cc(340)] could not read dos header from C:\WINDOWS\System32\combase.dll
[1114/201508.667:ERROR:process_memory_win.cc(73)] ReadMemory at 0x75a70000 of 64 bytes failed: Seule une partie d’une requête ReadProcessMemory ou WriteProcessMemory a été effectuée. (0x12B)
[1114/201508.667:WARNING:pe_image_reader.cc(340)] could not read dos header from C:\WINDOWS\System32\WINTRUST.dll
[1114/201508.667:ERROR:process_memory_win.cc(73)] ReadMemory at 0x75750000 of 64 bytes failed: Seule une partie d’une requête ReadProcessMemory ou WriteProcessMemory a été effectuée. (0x12B)
[1114/201508.667:WARNING:pe_image_reader.cc(340)] could not read dos header from C:\WINDOWS\System32\CRYPT32.dll
[1114/201508.667:ERROR:process_memory_win.cc(73)] ReadMemory at 0x70910000 of 64 bytes failed: Seule une partie d’une requête ReadProcessMemory ou WriteProcessMemory a été effectuée. (0x12B)
[1114/201508.667:WARNING:pe_image_reader.cc(340)] could not read dos header from C:\WINDOWS\SYSTEM32\dbghelp.dll
[1114/201508.667:ERROR:process_memory_win.cc(73)] ReadMemory at 0x70c40000 of 64 bytes failed: Seule une partie d’une requête ReadProcessMemory ou WriteProcessMemory a été effectuée. (0x12B)
[1114/201508.667:WARNING:pe_image_reader.cc(340)] could not read dos header from C:\WINDOWS\SYSTEM32\IPHLPAPI.DLL
[1114/201508.667:ERROR:process_memory_win.cc(73)] ReadMemory at 0x701d0000 of 64 bytes failed: Seule une partie d’une requête ReadProcessMemory ou WriteProcessMemory a été effectuée. (0x12B)
[1114/201508.667:WARNING:pe_image_reader.cc(340)] could not read dos header from C:\WINDOWS\SYSTEM32\WINMM.dll
[1114/201508.667:ERROR:process_memory_win.cc(73)] ReadMemory at 0x6b180000 of 64 bytes failed: Seule une partie d’une requête ReadProcessMemory ou WriteProcessMemory a été effectuée. (0x12B)
[1114/201508.667:WARNING:pe_image_reader.cc(340)] could not read dos header from C:\WINDOWS\SYSTEM32\UIAutomationCore.DLL
[1114/201508.668:ERROR:process_memory_win.cc(73)] ReadMemory at 0x70b70000 of 64 bytes failed: Seule une partie d’une requête ReadProcessMemory ou WriteProcessMemory a été effectuée. (0x12B)
[1114/201508.668:WARNING:pe_image_reader.cc(340)] could not read dos header from C:\WINDOWS\SYSTEM32\Secur32.dll
[1114/201508.668:ERROR:process_memory_win.cc(73)] ReadMemory at 0x75690000 of 64 bytes failed: Seule une partie d’une requête ReadProcessMemory ou WriteProcessMemory a été effectuée. (0x12B)
[1114/201508.668:WARNING:pe_image_reader.cc(340)] could not read dos header from C:\WINDOWS\SYSTEM32\USERENV.dll
[1114/201508.668:ERROR:process_memory_win.cc(73)] ReadMemory at 0x74f80000 of 64 bytes failed: Seule une partie d’une requête ReadProcessMemory ou WriteProcessMemory a été effectuée. (0x12B)
[1114/201508.668:WARNING:pe_image_reader.cc(340)] could not read dos header from C:\WINDOWS\SYSTEM32\DWrite.dll
[1114/201508.668:ERROR:process_memory_win.cc(73)] ReadMemory at 0x69550000 of 64 bytes failed: Seule une partie d’une requête ReadProcessMemory ou WriteProcessMemory a été effectuée. (0x12B)
[1114/201508.668:WARNING:pe_image_reader.cc(340)] could not read dos header from C:\WINDOWS\SYSTEM32\WINSPOOL.DRV
[1114/201508.668:ERROR:process_memory_win.cc(73)] ReadMemory at 0x70810000 of 64 bytes failed: Seule une partie d’une requête ReadProcessMemory ou WriteProcessMemory a été effectuée. (0x12B)
[1114/201508.668:WARNING:pe_image_reader.cc(340)] could not read dos header from C:\WINDOWS\SYSTEM32\WINHTTP.dll
[1114/201508.668:ERROR:process_memory_win.cc(73)] ReadMemory at 0x717b0000 of 64 bytes failed: Seule une partie d’une requête ReadProcessMemory ou WriteProcessMemory a été effectuée. (0x12B)
[1114/201508.668:WARNING:pe_image_reader.cc(340)] could not read dos header from C:\WINDOWS\SYSTEM32\dhcpcsvc.DLL
[1114/201508.668:ERROR:process_memory_win.cc(73)] ReadMemory at 0x70740000 of 64 bytes failed: Seule une partie d’une requête ReadProcessMemory ou WriteProcessMemory a été effectuée. (0x12B)
[1114/201508.668:WARNING:pe_image_reader.cc(340)] could not read dos header from C:\WINDOWS\SYSTEM32\PROPSYS.dll
[1114/201508.668:ERROR:process_memory_win.cc(73)] ReadMemory at 0x706e0000 of 64 bytes failed: Seule une partie d’une requête ReadProcessMemory ou WriteProcessMemory a été effectuée. (0x12B)
[1114/201508.668:WARNING:pe_image_reader.cc(340)] could not read dos header from C:\WINDOWS\SYSTEM32\SSPICLI.DLL
[1114/201508.668:ERROR:process_memory_win.cc(73)] ReadMemory at 0x717d0000 of 64 bytes failed: Seule une partie d’une requête ReadProcessMemory ou WriteProcessMemory a été effectuée. (0x12B)
[1114/201508.668:WARNING:pe_image_reader.cc(340)] could not read dos header from C:\WINDOWS\System32\MSASN1.dll
[1114/201508.668:ERROR:process_memory_win.cc(73)] ReadMemory at 0x76fa0000 of 64 bytes failed: Seule une partie d’une requête ReadProcessMemory ou WriteProcessMemory a été effectuée. (0x12B)
[1114/201508.668:WARNING:pe_image_reader.cc(340)] could not read dos header from C:\WINDOWS\System32\bcryptPrimitives.dll
[1114/201508.668:ERROR:process_memory_win.cc(73)] ReadMemory at 0x71130000 of 64 bytes failed: Seule une partie d’une requête ReadProcessMemory ou WriteProcessMemory a été effectuée. (0x12B)
[1114/201508.669:WARNING:pe_image_reader.cc(340)] could not read dos header from C:\WINDOWS\SYSTEM32\CRYPTBASE.DLL
[1114/201508.669:ERROR:process_memory_win.cc(73)] ReadMemory at 0x6aee0000 of 64 bytes failed: Seule une partie d’une requête ReadProcessMemory ou WriteProcessMemory a été effectuée. (0x12B)
[1114/201508.669:WARNING:pe_image_reader.cc(340)] could not read dos header from C:\WINDOWS\SYSTEM32\mfplat.dll
[1114/201508.669:ERROR:process_memory_win.cc(73)] ReadMemory at 0x77540000 of 64 bytes failed: Seule une partie d’une requête ReadProcessMemory ou WriteProcessMemory a été effectuée. (0x12B)
[1114/201508.669:WARNING:pe_image_reader.cc(340)] could not read dos header from C:\WINDOWS\System32\cfgmgr32.dll
[1114/201508.669:ERROR:process_memory_win.cc(73)] ReadMemory at 0x75f20000 of 64 bytes failed: Seule une partie d’une requête ReadProcessMemory ou WriteProcessMemory a été effectuée. (0x12B)
[1114/201508.669:WARNING:pe_image_reader.cc(340)] could not read dos header from C:\WINDOWS\System32\shcore.dll
[1114/201508.669:ERROR:process_memory_win.cc(73)] ReadMemory at 0x755e0000 of 64 bytes failed: Seule une partie d’une requête ReadProcessMemory ou WriteProcessMemory a été effectuée. (0x12B)
[1114/201508.669:WARNING:pe_image_reader.cc(340)] could not read dos header from C:\WINDOWS\SYSTEM32\kernel.appcore.dll
[1114/201508.669:ERROR:process_memory_win.cc(73)] ReadMemory at 0x71940000 of 64 bytes failed: Seule une partie d’une requête ReadProcessMemory ou WriteProcessMemory a été effectuée. (0x12B)
[1114/201508.669:WARNING:pe_image_reader.cc(340)] could not read dos header from C:\WINDOWS\SYSTEM32\RTWorkQ.DLL
[1114/201508.669:ERROR:process_memory_win.cc(73)] ReadMemory at 0x6aca0000 of 64 bytes failed: Seule une partie d’une requête ReadProcessMemory ou WriteProcessMemory a été effectuée. (0x12B)
[1114/201508.669:WARNING:pe_image_reader.cc(340)] could not read dos header from C:\WINDOWS\SYSTEM32\msmpeg2vdec.dll
[1114/201508.669:ERROR:process_memory_win.cc(73)] ReadMemory at 0x77720000 of 64 bytes failed: Seule une partie d’une requête ReadProcessMemory ou WriteProcessMemory a été effectuée. (0x12B)
[1114/201508.669:WARNING:pe_image_reader.cc(340)] could not read dos header from C:\WINDOWS\System32\bcrypt.dll
[1114/201508.669:ERROR:process_memory_win.cc(73)] ReadMemory at 0x6ab90000 of 64 bytes failed: Seule une partie d’une requête ReadProcessMemory ou WriteProcessMemory a été effectuée. (0x12B)
[1114/201508.669:WARNING:pe_image_reader.cc(340)] could not read dos header from C:\WINDOWS\SYSTEM32\mfperfhelper.dll
[1114/201508.669:ERROR:process_memory_win.cc(73)] ReadMemory at 0x711c0000 of 64 bytes failed: Seule une partie d’une requête ReadProcessMemory ou WriteProcessMemory a été effectuée. (0x12B)
[1114/201508.669:WARNING:pe_image_reader.cc(340)] could not read dos header from C:\WINDOWS\SYSTEM32\cryptsp.dll
[1114/201508.669:ERROR:process_memory_win.cc(73)] ReadMemory at 0x69790000 of 64 bytes failed: Seule une partie d’une requête ReadProcessMemory ou WriteProcessMemory a été effectuée. (0x12B)
[1114/201508.669:WARNING:pe_image_reader.cc(340)] could not read dos header from C:\WINDOWS\SYSTEM32\evr.dll
[1114/201508.669:ERROR:process_memory_win.cc(73)] ReadMemory at 0x67ff0000 of 64 bytes failed: Seule une partie d’une requête ReadProcessMemory ou WriteProcessMemory a été effectuée. (0x12B)
[1114/201508.669:WARNING:pe_image_reader.cc(340)] could not read dos header from C:\WINDOWS\SYSTEM32\powrprof.dll
[1114/201508.670:ERROR:process_memory_win.cc(73)] ReadMemory at 0x68250000 of 64 bytes failed: Seule une partie d’une requête ReadProcessMemory ou WriteProcessMemory a été effectuée. (0x12B)
[1114/201508.670:WARNING:pe_image_reader.cc(340)] could not read dos header from C:\WINDOWS\SYSTEM32\UMPDC.dll
[1114/201508.670:ERROR:process_memory_win.cc(73)] ReadMemory at 0x69610000 of 64 bytes failed: Seule une partie d’une requête ReadProcessMemory ou WriteProcessMemory a été effectuée. (0x12B)
[1114/201508.670:WARNING:pe_image_reader.cc(340)] could not read dos header from C:\WINDOWS\SYSTEM32\msauddecmft.dll
[1114/201508.686:ERROR:process_memory_win.cc(73)] ReadMemory at 0x4f78000 of 32768 bytes failed: Seule une partie d’une requête ReadProcessMemory ou WriteProcessMemory a été effectuée. (0x12B)
[1114/201508.686:ERROR:process_memory_win.cc(73)] ReadMemory at 0x6c1e000 of 8192 bytes failed: Seule une partie d’une requête ReadProcessMemory ou WriteProcessMemory a été effectuée. (0x12B)
[1114/201508.686:ERROR:process_memory_win.cc(73)] ReadMemory at 0x6d5f000 of 4096 bytes failed: Seule une partie d’une requête ReadProcessMemory ou WriteProcessMemory a été effectuée. (0x12B)
[1114/201508.686:ERROR:process_memory_win.cc(73)] ReadMemory at 0x6e9f000 of 4096 bytes failed: Seule une partie d’une requête ReadProcessMemory ou WriteProcessMemory a été effectuée. (0x12B)
[1114/201508.686:ERROR:process_memory_win.cc(73)] ReadMemory at 0x6fde000 of 8192 bytes failed: Seule une partie d’une requête ReadProcessMemory ou WriteProcessMemory a été effectuée. (0x12B)
[1114/201508.686:ERROR:process_memory_win.cc(73)] ReadMemory at 0x719f000 of 4096 bytes failed: Seule une partie d’une requête ReadProcessMemory ou WriteProcessMemory a été effectuée. (0x12B)
[1114/201508.686:ERROR:process_memory_win.cc(73)] ReadMemory at 0x72de000 of 8192 bytes failed: Seule une partie d’une requête ReadProcessMemory ou WriteProcessMemory a été effectuée. (0x12B)
[1114/201508.686:ERROR:process_memory_win.cc(73)] ReadMemory at 0x75fe000 of 8192 bytes failed: Seule une partie d’une requête ReadProcessMemory ou WriteProcessMemory a été effectuée. (0x12B)
[1114/201508.687:ERROR:process_memory_win.cc(73)] ReadMemory at 0x773f000 of 4096 bytes failed: Seule une partie d’une requête ReadProcessMemory ou WriteProcessMemory a été effectuée. (0x12B)
[1114/201508.687:ERROR:process_memory_win.cc(73)] ReadMemory at 0x787f000 of 4096 bytes failed: Seule une partie d’une requête ReadProcessMemory ou WriteProcessMemory a été effectuée. (0x12B)
[1114/201508.687:ERROR:process_memory_win.cc(73)] ReadMemory at 0x79be000 of 8192 bytes failed: Seule une partie d’une requête ReadProcessMemory ou WriteProcessMemory a été effectuée. (0x12B)
[1114/201508.687:ERROR:process_memory_win.cc(73)] ReadMemory at 0x7cff000 of 4096 bytes failed: Seule une partie d’une requête ReadProcessMemory ou WriteProcessMemory a été effectuée. (0x12B)
[1114/201508.687:ERROR:process_memory_win.cc(73)] ReadMemory at 0x7e3e000 of 8192 bytes failed: Seule une partie d’une requête ReadProcessMemory ou WriteProcessMemory a été effectuée. (0x12B)
[1114/201508.687:ERROR:process_memory_win.cc(73)] ReadMemory at 0x7f7f000 of 4096 bytes failed: Seule une partie d’une requête ReadProcessMemory ou WriteProcessMemory a été effectuée. (0x12B)
[1114/201508.687:ERROR:process_memory_win.cc(73)] ReadMemory at 0x4be91dc of 512 bytes failed: Seule une partie d’une requête ReadProcessMemory ou WriteProcessMemory a été effectuée. (0x12B)
[1114/201508.688:ERROR:process_memory_win.cc(73)] ReadMemory at 0x4c8df80 of 688 bytes failed: Seule une partie d’une requête ReadProcessMemory ou WriteProcessMemory a été effectuée. (0x12B)
[1114/201508.688:ERROR:process_memory_win.cc(73)] ReadMemory at 0x4c91000 of 3992 bytes failed: Seule une partie d’une requête ReadProcessMemory ou WriteProcessMemory a été effectuée. (0x12B)
[1114/201508.688:ERROR:process_memory_win.cc(73)] ReadMemory at 0x4c94000 of 3992 bytes failed: Seule une partie d’une requête ReadProcessMemory ou WriteProcessMemory a été effectuée. (0x12B)
[1114/201508.688:ERROR:process_memory_win.cc(73)] ReadMemory at 0x4c97000 of 3992 bytes failed: Seule une partie d’une requête ReadProcessMemory ou WriteProcessMemory a été effectuée. (0x12B)
[1114/201508.688:ERROR:process_memory_win.cc(73)] ReadMemory at 0x4c9a000 of 3992 bytes failed: Seule une partie d’une requête ReadProcessMemory ou WriteProcessMemory a été effectuée. (0x12B)
[1114/201508.688:ERROR:process_memory_win.cc(73)] ReadMemory at 0x4c9d000 of 3992 bytes failed: Seule une partie d’une requête ReadProcessMemory ou WriteProcessMemory a été effectuée. (0x12B)
[1114/201508.688:ERROR:process_memory_win.cc(73)] ReadMemory at 0x4ca0000 of 3992 bytes failed: Seule une partie d’une requête ReadProcessMemory ou WriteProcessMemory a été effectuée. (0x12B)
[1114/201508.689:ERROR:process_memory_win.cc(73)] ReadMemory at 0x4ca3000 of 3992 bytes failed: Seule une partie d’une requête ReadProcessMemory ou WriteProcessMemory a été effectuée. (0x12B)
[1114/201508.689:ERROR:process_memory_win.cc(73)] ReadMemory at 0x4ca6000 of 3992 bytes failed: Seule une partie d’une requête ReadProcessMemory ou WriteProcessMemory a été effectuée. (0x12B)
[1114/201508.689:ERROR:process_memory_win.cc(73)] ReadMemory at 0x4ca9000 of 3992 bytes failed: Seule une partie d’une requête ReadProcessMemory ou WriteProcessMemory a été effectuée. (0x12B)
[1114/201508.689:ERROR:process_memory_win.cc(73)] ReadMemory at 0x4cac000 of 3992 bytes failed: Seule une partie d’une requête ReadProcessMemory ou WriteProcessMemory a été effectuée. (0x12B)
[1114/201508.689:ERROR:process_memory_win.cc(73)] ReadMemory at 0x4caf000 of 3992 bytes failed: Seule une partie d’une requête ReadProcessMemory ou WriteProcessMemory a été effectuée. (0x12B)
[1114/201508.689:ERROR:process_memory_win.cc(73)] ReadMemory at 0x4cb2000 of 3992 bytes failed: Seule une partie d’une requête ReadProcessMemory ou WriteProcessMemory a été effectuée. (0x12B)
[1114/201508.689:ERROR:process_memory_win.cc(73)] ReadMemory at 0x4cb5000 of 3992 bytes failed: Seule une partie d’une requête ReadProcessMemory ou WriteProcessMemory a été effectuée. (0x12B)
[1114/201508.689:ERROR:process_memory_win.cc(73)] ReadMemory at 0x4cb8000 of 3992 bytes failed: Seule une partie d’une requête ReadProcessMemory ou WriteProcessMemory a été effectuée. (0x12B)
[1114/201508.689:ERROR:process_memory_win.cc(73)] ReadMemory at 0x50b0af0 of 4706 bytes failed: Seule une partie d’une requête ReadProcessMemory ou WriteProcessMemory a été effectuée. (0x12B)
[1114/201508.689:ERROR:process_memory_win.cc(73)] ReadMemory at 0x50b1d60 of 660 bytes failed: Seule une partie d’une requête ReadProcessMemory ou WriteProcessMemory a été effectuée. (0x12B)
[1114/201508.689:ERROR:process_memory_win.cc(73)] ReadMemory at 0x50b2228 of 148 bytes failed: Seule une partie d’une requête ReadProcessMemory ou WriteProcessMemory a été effectuée. (0x12B)
[1114/201508.690:ERROR:process_memory_win.cc(73)] ReadMemory at 0x50b22be of 776 bytes failed: Seule une partie d’une requête ReadProcessMemory ou WriteProcessMemory a été effectuée. (0x12B)
[1114/201508.690:ERROR:process_memory_win.cc(73)] ReadMemory at 0x50b25c8 of 148 bytes failed: Seule une partie d’une requête ReadProcessMemory ou WriteProcessMemory a été effectuée. (0x12B)
[1114/201508.690:ERROR:process_memory_win.cc(73)] ReadMemory at 0x50b265e of 100 bytes failed: Seule une partie d’une requête ReadProcessMemory ou WriteProcessMemory a été effectuée. (0x12B)
[1114/201508.690:ERROR:process_memory_win.cc(73)] ReadMemory at 0x50b3930 of 58 bytes failed: Seule une partie d’une requête ReadProcessMemory ou WriteProcessMemory a été effectuée. (0x12B)
[1114/201508.690:ERROR:process_memory_win.cc(73)] ReadMemory at 0x50b3a20 of 72 bytes failed: Seule une partie d’une requête ReadProcessMemory ou WriteProcessMemory a été effectuée. (0x12B)
[1114/201508.690:ERROR:process_memory_win.cc(73)] ReadMemory at 0x50b3b08 of 72 bytes failed: Seule une partie d’une requête ReadProcessMemory ou WriteProcessMemory a été effectuée. (0x12B)
[1114/201508.690:ERROR:process_memory_win.cc(73)] ReadMemory at 0x50b3c08 of 144 bytes failed: Seule une partie d’une requête ReadProcessMemory ou WriteProcessMemory a été effectuée. (0x12B)
[1114/201508.690:ERROR:process_memory_win.cc(73)] ReadMemory at 0x50b3fc0 of 72 bytes failed: Seule une partie d’une requête ReadProcessMemory ou WriteProcessMemory a été effectuée. (0x12B)
[1114/201508.690:ERROR:process_memory_win.cc(73)] ReadMemory at 0x50b40a8 of 64 bytes failed: Seule une partie d’une requête ReadProcessMemory ou WriteProcessMemory a été effectuée. (0x12B)
[1114/201508.690:ERROR:process_memory_win.cc(73)] ReadMemory at 0x50b4330 of 72 bytes failed: Seule une partie d’une requête ReadProcessMemory ou WriteProcessMemory a été effectuée. (0x12B)
[1114/201508.690:ERROR:process_memory_win.cc(73)] ReadMemory at 0x50b4418 of 68 bytes failed: Seule une partie d’une requête ReadProcessMemory ou WriteProcessMemory a été effectuée. (0x12B)
[1114/201508.690:ERROR:process_memory_win.cc(73)] ReadMemory at 0x50b4e70 of 72 bytes failed: Seule une partie d’une requête ReadProcessMemory ou WriteProcessMemory a été effectuée. (0x12B)
[1114/201508.690:ERROR:process_memory_win.cc(73)] ReadMemory at 0x50b4f20 of 72 bytes failed: Seule une partie d’une requête ReadProcessMemory ou WriteProcessMemory a été effectuée. (0x12B)
[1114/201508.690:ERROR:process_memory_win.cc(73)] ReadMemory at 0x50b4fd0 of 172 bytes failed: Seule une partie d’une requête ReadProcessMemory ou WriteProcessMemory a été effectuée. (0x12B)
[1114/201508.690:ERROR:process_memory_win.cc(73)] ReadMemory at 0x50b5388 of 62 bytes failed: Seule une partie d’une requête ReadProcessMemory ou WriteProcessMemory a été effectuée. (0x12B)
[1114/201508.690:ERROR:process_memory_win.cc(73)] ReadMemory at 0x50b5a98 of 72 bytes failed: Seule une partie d’une requête ReadProcessMemory ou WriteProcessMemory a été effectuée. (0x12B)
[1114/201508.691:ERROR:process_memory_win.cc(73)] ReadMemory at 0x50b5b80 of 60 bytes failed: Seule une partie d’une requête ReadProcessMemory ou WriteProcessMemory a été effectuée. (0x12B)
[1114/201508.691:ERROR:process_memory_win.cc(73)] ReadMemory at 0x50c1230 of 164 bytes failed: Seule une partie d’une requête ReadProcessMemory ou WriteProcessMemory a été effectuée. (0x12B)
[1114/201508.691:ERROR:process_memory_win.cc(73)] ReadMemory at 0x50c1340 of 72 bytes failed: Seule une partie d’une requête ReadProcessMemory ou WriteProcessMemory a été effectuée. (0x12B)
[1114/201508.691:ERROR:process_memory_win.cc(73)] ReadMemory at 0x50c13f0 of 66 bytes failed: Seule une partie d’une requête ReadProcessMemory ou WriteProcessMemory a été effectuée. (0x12B)
[1114/201508.691:ERROR:process_memory_win.cc(73)] ReadMemory at 0x50c1920 of 72 bytes failed: Seule une partie d’une requête ReadProcessMemory ou WriteProcessMemory a été effectuée. (0x12B)
[1114/201508.691:ERROR:process_memory_win.cc(73)] ReadMemory at 0x50c19d0 of 72 bytes failed: Seule une partie d’une requête ReadProcessMemory ou WriteProcessMemory a été effectuée. (0x12B)
[1114/201508.691:ERROR:process_memory_win.cc(73)] ReadMemory at 0x50c1b30 of 72 bytes failed: Seule une partie d’une requête ReadProcessMemory ou WriteProcessMemory a été effectuée. (0x12B)
[1114/201508.691:ERROR:process_memory_win.cc(73)] ReadMemory at 0x50c1be0 of 72 bytes failed: Seule une partie d’une requête ReadProcessMemory ou WriteProcessMemory a été effectuée. (0x12B)
[1114/201508.691:ERROR:process_memory_win.cc(73)] ReadMemory at 0x50c1c90 of 72 bytes failed: Seule une partie d’une requête ReadProcessMemory ou WriteProcessMemory a été effectuée. (0x12B)
[1114/201508.691:ERROR:process_memory_win.cc(73)] ReadMemory at 0x50c1d40 of 72 bytes failed: Seule une partie d’une requête ReadProcessMemory ou WriteProcessMemory a été effectuée. (0x12B)
[1114/201508.691:ERROR:process_memory_win.cc(73)] ReadMemory at 0x50c1df0 of 72 bytes failed: Seule une partie d’une requête ReadProcessMemory ou WriteProcessMemory a été effectuée. (0x12B)
[1114/201508.691:ERROR:process_memory_win.cc(73)] ReadMemory at 0x50c1ea0 of 72 bytes failed: Seule une partie d’une requête ReadProcessMemory ou WriteProcessMemory a été effectuée. (0x12B)
[1114/201508.691:ERROR:process_memory_win.cc(73)] ReadMemory at 0x50c1f50 of 72 bytes failed: Seule une partie d’une requête ReadProcessMemory ou WriteProcessMemory a été effectuée. (0x12B)
[1114/201508.692:ERROR:process_memory_win.cc(73)] ReadMemory at 0x50c2000 of 72 bytes failed: Seule une partie d’une requête ReadProcessMemory ou WriteProcessMemory a été effectuée. (0x12B)
[1114/201508.692:ERROR:process_memory_win.cc(73)] ReadMemory at 0x50c20b0 of 72 bytes failed: Seule une partie d’une requête ReadProcessMemory ou WriteProcessMemory a été effectuée. (0x12B)
[1114/201508.692:ERROR:process_memory_win.cc(73)] ReadMemory at 0x50c2160 of 72 bytes failed: Seule une partie d’une requête ReadProcessMemory ou WriteProcessMemory a été effectuée. (0x12B)
[1114/201508.692:ERROR:process_memory_win.cc(73)] ReadMemory at 0x50c2210 of 72 bytes failed: Seule une partie d’une requête ReadProcessMemory ou WriteProcessMemory a été effectuée. (0x12B)
[1114/201508.692:ERROR:process_memory_win.cc(73)] ReadMemory at 0x50c22c0 of 72 bytes failed: Seule une partie d’une requête ReadProcessMemory ou WriteProcessMemory a été effectuée. (0x12B)
[1114/201508.692:ERROR:process_memory_win.cc(73)] ReadMemory at 0x50c2370 of 72 bytes failed: Seule une partie d’une requête ReadProcessMemory ou WriteProcessMemory a été effectuée. (0x12B)
[1114/201508.692:ERROR:process_memory_win.cc(73)] ReadMemory at 0x50c2420 of 72 bytes failed: Seule une partie d’une requête ReadProcessMemory ou WriteProcessMemory a été effectuée. (0x12B)
[1114/201508.692:ERROR:process_memory_win.cc(73)] ReadMemory at 0x50c24d0 of 72 bytes failed: Seule une partie d’une requête ReadProcessMemory ou WriteProcessMemory a été effectuée. (0x12B)
[1114/201508.692:ERROR:process_memory_win.cc(73)] ReadMemory at 0x50c2580 of 72 bytes failed: Seule une partie d’une requête ReadProcessMemory ou WriteProcessMemory a été effectuée. (0x12B)
[1114/201508.692:ERROR:process_memory_win.cc(73)] ReadMemory at 0x50c2630 of 72 bytes failed: Seule une partie d’une requête ReadProcessMemory ou WriteProcessMemory a été effectuée. (0x12B)
[1114/201508.692:ERROR:process_memory_win.cc(73)] ReadMemory at 0x50c26e0 of 72 bytes failed: Seule une partie d’une requête ReadProcessMemory ou WriteProcessMemory a été effectuée. (0x12B)
[1114/201508.692:ERROR:process_memory_win.cc(73)] ReadMemory at 0x50c2790 of 72 bytes failed: Seule une partie d’une requête ReadProcessMemory ou WriteProcessMemory a été effectuée. (0x12B)
[1114/201508.692:ERROR:process_memory_win.cc(73)] ReadMemory at 0x50c2840 of 72 bytes failed: Seule une partie d’une requête ReadProcessMemory ou WriteProcessMemory a été effectuée. (0x12B)
[1114/201508.692:ERROR:process_memory_win.cc(73)] ReadMemory at 0x50c32f8 of 64 bytes failed: Seule une partie d’une requête ReadProcessMemory ou WriteProcessMemory a été effectuée. (0x12B)
[1114/201508.693:ERROR:process_memory_win.cc(73)] ReadMemory at 0x50c3d10 of 64 bytes failed: Seule une partie d’une requête ReadProcessMemory ou WriteProcessMemory a été effectuée. (0x12B)
[1114/201508.693:ERROR:process_memory_win.cc(73)] ReadMemory at 0x50c3d60 of 64 bytes failed: Seule une partie d’une requête ReadProcessMemory ou WriteProcessMemory a été effectuée. (0x12B)
[1114/201508.693:ERROR:process_memory_win.cc(73)] ReadMemory at 0x50c3f00 of 80 bytes failed: Seule une partie d’une requête ReadProcessMemory ou WriteProcessMemory a été effectuée. (0x12B)
[1114/201508.693:ERROR:process_memory_win.cc(73)] ReadMemory at 0x50c44d8 of 64 bytes failed: Seule une partie d’une requête ReadProcessMemory ou WriteProcessMemory a été effectuée. (0x12B)
[1114/201508.693:ERROR:process_memory_win.cc(73)] ReadMemory at 0x50c4cb8 of 72 bytes failed: Seule une partie d’une requête ReadProcessMemory ou WriteProcessMemory a été effectuée. (0x12B)
[1114/201508.693:ERROR:process_memory_win.cc(73)] ReadMemory at 0x50c51c8 of 60 bytes failed: Seule une partie d’une requête ReadProcessMemory ou WriteProcessMemory a été effectuée. (0x12B)
[1114/201508.693:ERROR:process_memory_win.cc(73)] ReadMemory at 0x50c5210 of 62 bytes failed: Seule une partie d’une requête ReadProcessMemory ou WriteProcessMemory a été effectuée. (0x12B)
[1114/201508.693:ERROR:process_memory_win.cc(73)] ReadMemory at 0x50c5258 of 58 bytes failed: Seule une partie d’une requête ReadProcessMemory ou WriteProcessMemory a été effectuée. (0x12B)
[1114/201508.693:ERROR:process_memory_win.cc(73)] ReadMemory at 0x50c52a0 of 62 bytes failed: Seule une partie d’une requête ReadProcessMemory ou WriteProcessMemory a été effectuée. (0x12B)
[1114/201508.693:ERROR:process_memory_win.cc(73)] ReadMemory at 0x50c52e8 of 60 bytes failed: Seule une partie d’une requête ReadProcessMemory ou WriteProcessMemory a été effectuée. (0x12B)
[1114/201508.693:ERROR:process_memory_win.cc(73)] ReadMemory at 0x50c5330 of 62 bytes failed: Seule une partie d’une requête ReadProcessMemory ou WriteProcessMemory a été effectuée. (0x12B)
[1114/201508.693:ERROR:process_memory_win.cc(73)] ReadMemory at 0x50c5378 of 62 bytes failed: Seule une partie d’une requête ReadProcessMemory ou WriteProcessMemory a été effectuée. (0x12B)
[1114/201508.693:ERROR:process_memory_win.cc(73)] ReadMemory at 0x50c5528 of 62 bytes failed: Seule une partie d’une requête ReadProcessMemory ou WriteProcessMemory a été effectuée. (0x12B)
[1114/201508.693:ERROR:process_memory_win.cc(73)] ReadMemory at 0x50c5570 of 62 bytes failed: Seule une partie d’une requête ReadProcessMemory ou WriteProcessMemory a été effectuée. (0x12B)
[1114/201508.693:ERROR:process_memory_win.cc(73)] ReadMemory at 0x50c55b8 of 62 bytes failed: Seule une partie d’une requête ReadProcessMemory ou WriteProcessMemory a été effectuée. (0x12B)
[1114/201508.694:ERROR:process_memory_win.cc(73)] ReadMemory at 0x50c5600 of 62 bytes failed: Seule une partie d’une requête ReadProcessMemory ou WriteProcessMemory a été effectuée. (0x12B)
[1114/201508.694:ERROR:process_memory_win.cc(73)] ReadMemory at 0x50c57f8 of 60 bytes failed: Seule une partie d’une requête ReadProcessMemory ou WriteProcessMemory a été effectuée. (0x12B)
[1114/201508.694:ERROR:process_memory_win.cc(73)] ReadMemory at 0x50c5960 of 72 bytes failed: Seule une partie d’une requête ReadProcessMemory ou WriteProcessMemory a été effectuée. (0x12B)
[1114/201508.694:ERROR:process_memory_win.cc(73)] ReadMemory at 0x50c5a10 of 64 bytes failed: Seule une partie d’une requête ReadProcessMemory ou WriteProcessMemory a été effectuée. (0x12B)
[1114/201508.694:ERROR:process_memory_win.cc(73)] ReadMemory at 0x50c5e68 of 72 bytes failed: Seule une partie d’une requête ReadProcessMemory ou WriteProcessMemory a été effectuée. (0x12B)
[1114/201508.694:ERROR:process_memory_win.cc(73)] ReadMemory at 0x50c7128 of 72 bytes failed: Seule une partie d’une requête ReadProcessMemory ou WriteProcessMemory a été effectuée. (0x12B)
[1114/201508.694:ERROR:process_memory_win.cc(73)] ReadMemory at 0x50c71d8 of 72 bytes failed: Seule une partie d’une requête ReadProcessMemory ou WriteProcessMemory a été effectuée. (0x12B)
[1114/201508.694:ERROR:process_memory_win.cc(73)] ReadMemory at 0x50cb8e0 of 72 bytes failed: Seule une partie d’une requête ReadProcessMemory ou WriteProcessMemory a été effectuée. (0x12B)
[1114/201508.694:ERROR:process_memory_win.cc(73)] ReadMemory at 0x50cbc78 of 64 bytes failed: Seule une partie d’une requête ReadProcessMemory ou WriteProcessMemory a été effectuée. (0x12B)
[1114/201508.694:ERROR:process_memory_win.cc(73)] ReadMemory at 0x50cbf80 of 64 bytes failed: Seule une partie d’une requête ReadProcessMemory ou WriteProcessMemory a été effectuée. (0x12B)
[1114/201508.694:ERROR:process_memory_win.cc(73)] ReadMemory at 0x50cc1f8 of 60 bytes failed: Seule une partie d’une requête ReadProcessMemory ou WriteProcessMemory a été effectuée. (0x12B)
[1114/201508.694:ERROR:process_memory_win.cc(73)] ReadMemory at 0x50cc318 of 60 bytes failed: Seule une partie d’une requête ReadProcessMemory ou WriteProcessMemory a été effectuée. (0x12B)
[1114/201508.694:ERROR:process_memory_win.cc(73)] ReadMemory at 0x50cc480 of 62 bytes failed: Seule une partie d’une requête ReadProcessMemory ou WriteProcessMemory a été effectuée. (0x12B)
[1114/201508.694:ERROR:process_memory_win.cc(73)] ReadMemory at 0x50cc678 of 58 bytes failed: Seule une partie d’une requête ReadProcessMemory ou WriteProcessMemory a été effectuée. (0x12B)
[1114/201508.695:ERROR:process_memory_win.cc(73)] ReadMemory at 0x50cc750 of 60 bytes failed: Seule une partie d’une requête ReadProcessMemory ou WriteProcessMemory a été effectuée. (0x12B)
[1114/201508.695:ERROR:process_memory_win.cc(73)] ReadMemory at 0x50cc828 of 62 bytes failed: Seule une partie d’une requête ReadProcessMemory ou WriteProcessMemory a été effectuée. (0x12B)
[1114/201508.695:ERROR:process_memory_win.cc(73)] ReadMemory at 0x50cd810 of 60 bytes failed: Seule une partie d’une requête ReadProcessMemory ou WriteProcessMemory a été effectuée. (0x12B)
[1114/201508.695:ERROR:process_memory_win.cc(73)] ReadMemory at 0x50ce038 of 62 bytes failed: Seule une partie d’une requête ReadProcessMemory ou WriteProcessMemory a été effectuée. (0x12B)
[1114/201508.695:ERROR:process_memory_win.cc(73)] ReadMemory at 0x50ce0d8 of 512 bytes failed: Seule une partie d’une requête ReadProcessMemory ou WriteProcessMemory a été effectuée. (0x12B)
[1114/201508.695:ERROR:process_memory_win.cc(73)] ReadMemory at 0x50d8c58 of 80 bytes failed: Seule une partie d’une requête ReadProcessMemory ou WriteProcessMemory a été effectuée. (0x12B)
[1114/201508.695:ERROR:process_memory_win.cc(73)] ReadMemory at 0x50ffbe8 of 64 bytes failed: Seule une partie d’une requête ReadProcessMemory ou WriteProcessMemory a été effectuée. (0x12B)
[1114/201508.695:ERROR:process_memory_win.cc(73)] ReadMemory at 0x50ffc38 of 70 bytes failed: Seule une partie d’une requête ReadProcessMemory ou WriteProcessMemory a été effectuée. (0x12B)
[1114/201508.695:ERROR:process_memory_win.cc(73)] ReadMemory at 0x50ffe18 of 66 bytes failed: Seule une partie d’une requête ReadProcessMemory ou WriteProcessMemory a été effectuée. (0x12B)
[1114/201508.695:ERROR:process_memory_win.cc(73)] ReadMemory at 0x510c1d8 of 76 bytes failed: Seule une partie d’une requête ReadProcessMemory ou WriteProcessMemory a été effectuée. (0x12B)
[1114/201508.695:ERROR:process_memory_win.cc(73)] ReadMemory at 0x510c548 of 72 bytes failed: Seule une partie d’une requête ReadProcessMemory ou WriteProcessMemory a été effectuée. (0x12B)
[1114/201508.695:ERROR:process_memory_win.cc(73)] ReadMemory at 0x5115fc0 of 72 bytes failed: Seule une partie d’une requête ReadProcessMemory ou WriteProcessMemory a été effectuée. (0x12B)
[1114/201508.695:ERROR:process_memory_win.cc(73)] ReadMemory at 0x51163e0 of 72 bytes failed: Seule une partie d’une requête ReadProcessMemory ou WriteProcessMemory a été effectuée. (0x12B)
[1114/201508.695:ERROR:process_memory_win.cc(73)] ReadMemory at 0x5116490 of 72 bytes failed: Seule une partie d’une requête ReadProcessMemory ou WriteProcessMemory a été effectuée. (0x12B)
[1114/201508.695:ERROR:process_memory_win.cc(73)] ReadMemory at 0x5116750 of 72 bytes failed: Seule une partie d’une requête ReadProcessMemory ou WriteProcessMemory a été effectuée. (0x12B)
[1114/201508.696:ERROR:process_memory_win.cc(73)] ReadMemory at 0x5116a10 of 72 bytes failed: Seule une partie d’une requête ReadProcessMemory ou WriteProcessMemory a été effectuée. (0x12B)
[1114/201508.696:ERROR:process_memory_win.cc(73)] ReadMemory at 0x5116d80 of 72 bytes failed: Seule une partie d’une requête ReadProcessMemory ou WriteProcessMemory a été effectuée. (0x12B)
[1114/201508.696:ERROR:process_memory_win.cc(73)] ReadMemory at 0x5116f90 of 72 bytes failed: Seule une partie d’une requête ReadProcessMemory ou WriteProcessMemory a été effectuée. (0x12B)
[1114/201508.696:ERROR:process_memory_win.cc(73)] ReadMemory at 0x5117040 of 72 bytes failed: Seule une partie d’une requête ReadProcessMemory ou WriteProcessMemory a été effectuée. (0x12B)
[1114/201508.696:ERROR:process_memory_win.cc(73)] ReadMemory at 0x5117250 of 72 bytes failed: Seule une partie d’une requête ReadProcessMemory ou WriteProcessMemory a été effectuée. (0x12B)
[1114/201508.696:ERROR:process_memory_win.cc(73)] ReadMemory at 0x5118808 of 54 bytes failed: Seule une partie d’une requête ReadProcessMemory ou WriteProcessMemory a été effectuée. (0x12B)
[1114/201508.696:ERROR:process_memory_win.cc(73)] ReadMemory at 0x511c030 of 64 bytes failed: Seule une partie d’une requête ReadProcessMemory ou WriteProcessMemory a été effectuée. (0x12B)
[1114/201508.696:ERROR:process_memory_win.cc(73)] ReadMemory at 0x5126d60 of 512 bytes failed: Seule une partie d’une requête ReadProcessMemory ou WriteProcessMemory a été effectuée. (0x12B)
[1114/201508.696:ERROR:process_memory_win.cc(73)] ReadMemory at 0x5127528 of 600 bytes failed: Seule une partie d’une requête ReadProcessMemory ou WriteProcessMemory a été effectuée. (0x12B)
[1114/201508.696:ERROR:process_memory_win.cc(73)] ReadMemory at 0x5159580 of 528 bytes failed: Seule une partie d’une requête ReadProcessMemory ou WriteProcessMemory a été effectuée. (0x12B)
[1114/201508.696:ERROR:process_memory_win.cc(73)] ReadMemory at 0x518d100 of 512 bytes failed: Seule une partie d’une requête ReadProcessMemory ou WriteProcessMemory a été effectuée. (0x12B)
[1114/201508.696:ERROR:process_memory_win.cc(73)] ReadMemory at 0x75979a32 of 512 bytes failed: Seule une partie d’une requête ReadProcessMemory ou WriteProcessMemory a été effectuée. (0x12B)
[1114/201508.696:ERROR:process_memory_win.cc(73)] ReadMemory at 0x77818280 of 18 bytes failed: Seule une partie d’une requête ReadProcessMemory ou WriteProcessMemory a été effectuée. (0x12B)
[1114/201508.696:ERROR:process_memory_win.cc(73)] ReadMemory at 0x77860d10 of 512 bytes failed: Seule une partie d’une requête ReadProcessMemory ou WriteProcessMemory a été effectuée. (0x12B)
[1114/201508.697:ERROR:process_memory_win.cc(73)] ReadMemory at 0x778815cc of 672 bytes failed: Seule une partie d’une requête ReadProcessMemory ou WriteProcessMemory a été effectuée. (0x12B)
[1114/201508.697:ERROR:process_memory_win.cc(73)] ReadMemory at 0x778832ac of 560 bytes failed: Seule une partie d’une requête ReadProcessMemory ou WriteProcessMemory a été effectuée. (0x12B)
[1114/201508.697:ERROR:process_memory_win.cc(73)] ReadMemory at 0x77933390 of 24 bytes failed: Seule une partie d’une requête ReadProcessMemory ou WriteProcessMemory a été effectuée. (0x12B)
[1114/201508.697:ERROR:process_memory_win.cc(73)] ReadMemory at 0x77933714 of 32 bytes failed: Seule une partie d’une requête ReadProcessMemory ou WriteProcessMemory a été effectuée. (0x12B)
[1114/201508.697:ERROR:process_memory_win.cc(73)] ReadMemory at 0x77935d80 of 36 bytes failed: Seule une partie d’une requête ReadProcessMemory ou WriteProcessMemory a été effectuée. (0x12B)
[1114/201508.699:ERROR:scoped_process_suspend.cc(40)] NtResumeProcess: Tentative d’accès à un processus en cours d’arrêt. (0xc000010a)
